0 info it worked if it ends with ok
1 verbose cli [ 'E:\\NODE\\node.exe',
1 verbose cli   'E:\\NODE\\node_modules\\npm\\bin\\npm-cli.js',
1 verbose cli   'run',
1 verbose cli   'start' ]
2 info using npm@3.10.10
3 info using node@v6.10.0
4 verbose run-script [ 'prestart', 'start', 'poststart' ]
5 info lifecycle project-blog@1.0.0~prestart: project-blog@1.0.0
6 silly lifecycle project-blog@1.0.0~prestart: no script for prestart, continuing
7 info lifecycle project-blog@1.0.0~start: project-blog@1.0.0
8 verbose lifecycle project-blog@1.0.0~start: unsafe-perm in lifecycle true
9 verbose lifecycle project-blog@1.0.0~start: PATH: E:\NODE\node_modules\npm\bin\node-gyp-bin;D:\github\Organizations\node-server\project-blog\node_modules\.bin;C:\Users\wangjianfei\bin;E:\GIT\Git\mingw32\bin;E:\GIT\Git\usr\local\bin;E:\GIT\Git\usr\bin;E:\GIT\Git\usr\bin;E:\GIT\Git\mingw32\bin;E:\GIT\Git\usr\bin;C:\Users\wangjianfei\bin;C:\ProgramData\Oracle\Java\javapath;C:\Windows\system32;C:\Windows;C:\Windows\System32\Wbem;C:\Windows\System32\WindowsPowerShell\v1.0;E:\GIT\Git\cmd;E:\NODE;E:\tools\mongoDB\bin;C:\Users\wangjianfei\AppData\Roaming\npm;E:\tools\WS\WebStorm 2016.3.4\bin;C:\Users\wangjianfei\AppData\Local\atom\bin;E:\tools\webstorm\WebStorm 2017.1.1\bin;C:\Users\wangjianfei\AppData\Local\GitHubDesktop\bin;E:\tool;E:\tools\visualstudio\Microsoft VS Code\bin;E:\GIT\Git\usr\bin\vendor_perl;E:\GIT\Git\usr\bin\core_perl
10 verbose lifecycle project-blog@1.0.0~start: CWD: D:\github\Organizations\node-server\project-blog
11 silly lifecycle project-blog@1.0.0~start: Args: [ '/d /s /c', 'micro' ]
12 silly lifecycle project-blog@1.0.0~start: Returned: code: 1  signal: null
13 info lifecycle project-blog@1.0.0~start: Failed to exec start script
14 verbose stack Error: project-blog@1.0.0 start: `micro`
14 verbose stack Exit status 1
14 verbose stack     at EventEmitter.<anonymous> (E:\NODE\node_modules\npm\lib\utils\lifecycle.js:255:16)
14 verbose stack     at emitTwo (events.js:106:13)
14 verbose stack     at EventEmitter.emit (events.js:191:7)
14 verbose stack     at ChildProcess.<anonymous> (E:\NODE\node_modules\npm\lib\utils\spawn.js:40:14)
14 verbose stack     at emitTwo (events.js:106:13)
14 verbose stack     at ChildProcess.emit (events.js:191:7)
14 verbose stack     at maybeClose (internal/child_process.js:877:16)
14 verbose stack     at Process.ChildProcess._handle.onexit (internal/child_process.js:226:5)
15 verbose pkgid project-blog@1.0.0
16 verbose cwd D:\github\Organizations\node-server\project-blog
17 error Windows_NT 6.1.7601
18 error argv "E:\\NODE\\node.exe" "E:\\NODE\\node_modules\\npm\\bin\\npm-cli.js" "run" "start"
19 error node v6.10.0
20 error npm  v3.10.10
21 error code ELIFECYCLE
22 error project-blog@1.0.0 start: `micro`
22 error Exit status 1
23 error Failed at the project-blog@1.0.0 start script 'micro'.
23 error Make sure you have the latest version of node.js and npm installed.
23 error If you do, this is most likely a problem with the project-blog package,
23 error not with npm itself.
23 error Tell the author that this fails on your system:
23 error     micro
23 error You can get information on how to open an issue for this project with:
23 error     npm bugs project-blog
23 error Or if that isn't available, you can get their info via:
23 error     npm owner ls project-blog
23 error There is likely additional logging output above.
24 verbose exit [ 1, true ]
